# JRE version: OpenJDK Runtime Environment Temurin-21.0.12.1+1 (21.0.12.1+1) (build 21.0.12.1+1-LTS)
# Java VM: OpenJDK 64-Bit Server VM Temurin-21.0.12.1+1 (21.0.12.1+1-LTS, mixed mode, sharing, tiered, compressed oops, compressed class ptrs, g1 gc, windows-amd64)
GC Precious Log:
 CardTable entry size: 512
 Card Set container configuration: InlinePtr #cards 5 size 8 Array Of Cards #cards 12 size 40 Howl #buckets 4 coarsen threshold 1843 Howl Bitmap #cards 512 size 80 coarsen threshold 460 Card regions per heap region 1 cards per card region 2048
 CPUs: 8 total, 8 available
 Memory: 7914M
 Large Page Support: Disabled
 NUMA Support: Disabled
 Compressed Oops: Enabled (32-bit)
 Heap Region Size: 1M
 Heap Min Capacity: 8M
 Heap Initial Capacity: 124M
 Heap Max Capacity: 1980M
 Pre-touch: Disabled
 Parallel Workers: 8
 Concurrent Workers: 2
 Concurrent Refinement Workers: 8
 Periodic GC: Disabled
Heap:
 garbage-first heap   total 171008K, used 71345K [0x0000000084400000, 0x0000000100000000)
  region size 1024K, 1 young (1024K), 1 survivors (1024K)
 Metaspace       used 34331K, committed 34816K, reserved 1114112K
  class space    used 3820K, committed 4032K, reserved 1048576K
GC Heap History (20 events):
Event: 8.865 GC heap after
{Heap after GC invocations=6 (full 0):
 garbage-first heap   total 126976K, used 28160K [0x0000000084400000, 0x0000000100000000)
  region size 1024K, 8 young (8192K), 8 survivors (8192K)
 Metaspace       used 21229K, committed 21504K, reserved 1114112K
  class space    used 2428K, committed 2560K, reserved 1048576K
}
Event: 10.144 GC heap before
{Heap before GC invocations=7 (full 0):
 garbage-first heap   total 96256K, used 94720K [0x0000000084400000, 0x0000000100000000)
  region size 1024K, 72 young (73728K), 8 survivors (8192K)
 Metaspace       used 26996K, committed 27328K, reserved 1114112K
  class space    used 3099K, committed 3264K, reserved 1048576K
}
Event: 10.178 GC heap after
{Heap after GC invocations=8 (full 0):
 garbage-first heap   total 123904K, used 48128K [0x0000000084400000, 0x0000000100000000)
  region size 1024K, 10 young (10240K), 10 survivors (10240K)
 Metaspace       used 26996K, committed 27328K, reserved 1114112K
  class space    used 3099K, committed 3264K, reserved 1048576K
}
Event: 11.522 GC heap before
{Heap before GC invocations=8 (full 0):
 garbage-first heap   total 123904K, used 100352K [0x0000000084400000, 0x0000000100000000)
  region size 1024K, 60 young (61440K), 10 survivors (10240K)
 Metaspace       used 29492K, committed 29824K, reserved 1114112K
  class space    used 3402K, committed 3520K, reserved 1048576K
}
Event: 11.538 GC heap after
{Heap after GC invocations=9 (full 0):
 garbage-first heap   total 123904K, used 46592K [0x0000000084400000, 0x0000000100000000)
  region size 1024K, 7 young (7168K), 7 survivors (7168K)
 Metaspace       used 29492K, committed 29824K, reserved 1114112K
  class space    used 3402K, committed 3520K, reserved 1048576K
}
Event: 11.971 GC heap before
{Heap before GC invocations=9 (full 0):
 garbage-first heap   total 123904K, used 107008K [0x0000000084400000, 0x0000000100000000)
  region size 1024K, 59 young (60416K), 7 survivors (7168K)
 Metaspace       used 29689K, committed 30080K, reserved 1114112K
  class space    used 3408K, committed 3584K, reserved 1048576K
}
Event: 11.996 GC heap after
{Heap after GC invocations=10 (full 0):
 garbage-first heap   total 138240K, used 75264K [0x0000000084400000, 0x0000000100000000)
  region size 1024K, 8 young (8192K), 8 survivors (8192K)
 Metaspace       used 29689K, committed 30080K, reserved 1114112K
  class space    used 3408K, committed 3584K, reserved 1048576K
}
Event: 12.275 GC heap before
{Heap before GC invocations=10 (full 0):
 garbage-first heap   total 138240K, used 103936K [0x0000000084400000, 0x0000000100000000)
  region size 1024K, 37 young (37888K), 8 survivors (8192K)
 Metaspace       used 29709K, committed 30144K, reserved 1114112K
  class space    used 3408K, committed 3584K, reserved 1048576K
}
Event: 12.283 GC heap after
{Heap after GC invocations=11 (full 0):
 garbage-first heap   total 171008K, used 84480K [0x0000000084400000, 0x0000000100000000)
  region size 1024K, 6 young (6144K), 6 survivors (6144K)
 Metaspace       used 29709K, committed 30144K, reserved 1114112K
  class space    used 3408K, committed 3584K, reserved 1048576K
}
Event: 12.841 GC heap before
{Heap before GC invocations=12 (full 0):
 garbage-first heap   total 171008K, used 135680K [0x0000000084400000, 0x0000000100000000)
  region size 1024K, 54 young (55296K), 6 survivors (6144K)
 Metaspace       used 30032K, committed 30400K, reserved 1114112K
  class space    used 3430K, committed 3584K, reserved 1048576K
}
Event: 12.855 GC heap after
{Heap after GC invocations=13 (full 0):
 garbage-first heap   total 171008K, used 97280K [0x0000000084400000, 0x0000000100000000)
  region size 1024K, 7 young (7168K), 7 survivors (7168K)
 Metaspace       used 30032K, committed 30400K, reserved 1114112K
  class space    used 3430K, committed 3584K, reserved 1048576K
}
Event: 13.363 GC heap before
{Heap before GC invocations=13 (full 0):
 garbage-first heap   total 171008K, used 141312K [0x0000000084400000, 0x0000000100000000)
  region size 1024K, 50 young (51200K), 7 survivors (7168K)
 Metaspace       used 30423K, committed 30848K, reserved 1114112K
  class space    used 3447K, committed 3584K, reserved 1048576K
}
Event: 13.375 GC heap after
{Heap after GC invocations=14 (full 0):
 garbage-first heap   total 171008K, used 87170K [0x0000000084400000, 0x0000000100000000)
  region size 1024K, 4 young (4096K), 4 survivors (4096K)
 Metaspace       used 30423K, committed 30848K, reserved 1114112K
  class space    used 3447K, committed 3584K, reserved 1048576K
}
Event: 14.114 GC heap before
{Heap before GC invocations=14 (full 0):
 garbage-first heap   total 171008K, used 137346K [0x0000000084400000, 0x0000000100000000)
  region size 1024K, 53 young (54272K), 4 survivors (4096K)
 Metaspace       used 30680K, committed 31040K, reserved 1114112K
  class space    used 3451K, committed 3584K, reserved 1048576K
}
Event: 14.119 GC heap after
{Heap after GC invocations=15 (full 0):
 garbage-first heap   total 171008K, used 84215K [0x0000000084400000, 0x0000000100000000)
  region size 1024K, 4 young (4096K), 4 survivors (4096K)
 Metaspace       used 30680K, committed 31040K, reserved 1114112K
  class space    used 3451K, committed 3584K, reserved 1048576K
}
Event: 72.246 GC heap before
{Heap before GC invocations=16 (full 0):
 garbage-first heap   total 171008K, used 130807K [0x0000000084400000, 0x0000000100000000)
  region size 1024K, 58 young (59392K), 4 survivors (4096K)
 Metaspace       used 34298K, committed 34752K, reserved 1114112K
  class space    used 3820K, committed 4032K, reserved 1048576K
}
Event: 73.586 GC heap after
{Heap after GC invocations=17 (full 0):
 garbage-first heap   total 171008K, used 78549K [0x0000000084400000, 0x0000000100000000)
  region size 1024K, 6 young (6144K), 6 survivors (6144K)
 Metaspace       used 34298K, committed 34752K, reserved 1114112K
  class space    used 3820K, committed 4032K, reserved 1048576K
}
Event: 73.613 GC heap before
{Heap before GC invocations=17 (full 0):
 garbage-first heap   total 171008K, used 80597K [0x0000000084400000, 0x0000000100000000)
  region size 1024K, 8 young (8192K), 6 survivors (6144K)
 Metaspace       used 34299K, committed 34752K, reserved 1114112K
  class space    used 3820K, committed 4032K, reserved 1048576K
}
Event: 73.902 GC heap after
{Heap after GC invocations=18 (full 0):
 garbage-first heap   total 171008K, used 75187K [0x0000000084400000, 0x0000000100000000)
  region size 1024K, 1 young (1024K), 1 survivors (1024K)
 Metaspace       used 34299K, committed 34752K, reserved 1114112K
  class space    used 3820K, committed 4032K, reserved 1048576K
}
Event: 87.381 GC heap before
{Heap before GC invocations=18 (full 0):
 garbage-first heap   total 171008K, used 81331K [0x0000000084400000, 0x0000000100000000)
  region size 1024K, 8 young (8192K), 1 survivors (1024K)
 Metaspace       used 34331K, committed 34816K, reserved 1114112K
  class space    used 3820K, committed 4032K, reserved 1048576K
}

